# JRE version: Java(TM) SE Runtime Environment 18.9 (11.0.10+8) (build 11.0.10+8-LTS-162)
# Java VM: Java HotSpot(TM) 64-Bit Server VM 18.9 (11.0.10+8-LTS-162, mixed mode, tiered, compressed oops, g1 gc, windows-amd64)
Heap:
 garbage-first heap   total 260096K, used 49874K [0x00000000e0000000, 0x0000000100000000)
  region size 1024K, 34 young (34816K), 13 survivors (13312K)
 Metaspace       used 24438K, capacity 24924K, committed 25264K, reserved 1071104K
  class space    used 2823K, capacity 2977K, committed 3072K, reserved 1048576K
GC Heap History (8 events):
Event: 0.516 GC heap before
{Heap before GC invocations=0 (full 0):
 garbage-first heap   total 260096K, used 26624K [0x00000000e0000000, 0x0000000100000000)
  region size 1024K, 24 young (24576K), 0 survivors (0K)
 Metaspace       used 8280K, capacity 8408K, committed 8576K, reserved 1056768K
  class space    used 800K, capacity 886K, committed 896K, reserved 1048576K
}
Event: 0.520 GC heap after
{Heap after GC invocations=1 (full 0):
 garbage-first heap   total 260096K, used 12180K [0x00000000e0000000, 0x0000000100000000)
  region size 1024K, 3 young (3072K), 3 survivors (3072K)
 Metaspace       used 8280K, capacity 8408K, committed 8576K, reserved 1056768K
  class space    used 800K, capacity 886K, committed 896K, reserved 1048576K
}
Event: 2.327 GC heap before
{Heap before GC invocations=1 (full 0):
 garbage-first heap   total 260096K, used 130964K [0x00000000e0000000, 0x0000000100000000)
  region size 1024K, 119 young (121856K), 3 survivors (3072K)
 Metaspace       used 18981K, capacity 19343K, committed 19584K, reserved 1067008K
  class space    used 2264K, capacity 2393K, committed 2432K, reserved 1048576K
}
Event: 2.334 GC heap after
{Heap after GC invocations=2 (full 0):
 garbage-first heap   total 260096K, used 15949K [0x00000000e0000000, 0x0000000100000000)
  region size 1024K, 7 young (7168K), 7 survivors (7168K)
 Metaspace       used 18981K, capacity 19343K, committed 19584K, reserved 1067008K
  class space    used 2264K, capacity 2393K, committed 2432K, reserved 1048576K
}
Event: 2.519 GC heap before
{Heap before GC invocations=2 (full 0):
 garbage-first heap   total 260096K, used 26189K [0x00000000e0000000, 0x0000000100000000)
  region size 1024K, 16 young (16384K), 7 survivors (7168K)
 Metaspace       used 20767K, capacity 21174K, committed 21296K, reserved 1069056K
  class space    used 2503K, capacity 2647K, committed 2688K, reserved 1048576K
}
Event: 2.523 GC heap after
{Heap after GC invocations=3 (full 0):
 garbage-first heap   total 260096K, used 20372K [0x00000000e0000000, 0x0000000100000000)
  region size 1024K, 9 young (9216K), 9 survivors (9216K)
 Metaspace       used 20767K, capacity 21174K, committed 21296K, reserved 1069056K
  class space    used 2503K, capacity 2647K, committed 2688K, reserved 1048576K
}
Event: 3.701 GC heap before
{Heap before GC invocations=4 (full 0):
 garbage-first heap   total 260096K, used 113556K [0x00000000e0000000, 0x0000000100000000)
  region size 1024K, 100 young (102400K), 9 survivors (9216K)
 Metaspace       used 24298K, capacity 24732K, committed 25008K, reserved 1071104K
  class space    used 2822K, capacity 2977K, committed 3072K, reserved 1048576K
}
Event: 3.725 GC heap after
{Heap after GC invocations=5 (full 0):
 garbage-first heap   total 260096K, used 29394K [0x00000000e0000000, 0x0000000100000000)
  region size 1024K, 13 young (13312K), 13 survivors (13312K)
 Metaspace       used 24298K, capacity 24732K, committed 25008K, reserved 1071104K
  class space    used 2822K, capacity 2977K, committed 3072K, reserved 1048576K
}

